<?xml version="1.0" encoding="UTF-8"?>
<testng-results ignored="0" total="1" passed="1" failed="0" skipped="0">
  <reporter-output>
  </reporter-output>
  <suite started-at="2025-03-30T13:24:27 IST" name="Surefire suite" finished-at="2025-03-30T13:24:47 IST" duration-ms="20491">
    <groups>
      <group name="cucumber">
        <method signature="AbstractTestNGCucumberTests.runScenario(io.cucumber.testng.PickleWrapper,io.cucumber.testng.FeatureWrapper)[pri:0, instance:cucumber.Options.TestRunner@48ae9b55]" name="runScenario" class="io.cucumber.testng.AbstractTestNGCucumberTests"/>
      </group> <!-- cucumber -->
    </groups>
    <test started-at="2025-03-30T13:24:27 IST" name="Surefire test" finished-at="2025-03-30T13:24:47 IST" duration-ms="20491">
      <class name="cucumber.Options.TestRunner">
        <test-method is-config="true" signature="setUpClass(org.testng.ITestContext)[pri:0, instance:cucumber.Options.TestRunner@48ae9b55]" started-at="2025-03-30T13:24:27 IST" name="setUpClass" finished-at="2025-03-30T13:24:32 IST" duration-ms="4665" status="PASS">
          <params>
            <param index="0">
              <value>
                <![CDATA[org.testng.TestRunner@227a933d]]>
              </value>
            </param>
          </params>
          <reporter-output>
          </reporter-output>
        </test-method> <!-- setUpClass -->
        <test-method signature="runScenario(io.cucumber.testng.PickleWrapper,io.cucumber.testng.FeatureWrapper)[pri:0, instance:cucumber.Options.TestRunner@48ae9b55]" started-at="2025-03-30T13:24:32 IST" name="runScenario" description="Runs Cucumber Scenarios" data-provider="scenarios" finished-at="2025-03-30T13:24:47 IST" duration-ms="14937" status="PASS">
          <params>
            <param index="0">
              <value>
                <![CDATA["Verify if user is successfully added by AddUserAPI"]]>
              </value>
            </param>
            <param index="1">
              <value>
                <![CDATA["Validating User API"]]>
              </value>
            </param>
          </params>
          <reporter-output>
          </reporter-output>
        </test-method> <!-- runScenario -->
        <test-method is-config="true" signature="tearDownClass()[pri:0, instance:cucumber.Options.TestRunner@48ae9b55]" started-at="2025-03-30T13:24:47 IST" name="tearDownClass" finished-at="2025-03-30T13:24:47 IST" duration-ms="305" status="PASS">
          <reporter-output>
          </reporter-output>
        </test-method> <!-- tearDownClass -->
      </class> <!-- cucumber.Options.TestRunner -->
    </test> <!-- Surefire test -->
  </suite> <!-- Surefire suite -->
</testng-results>
