<?xml version="1.0" encoding="UTF-8"?>
<testng-results ignored="0" total="4" passed="4" failed="0" skipped="0">
  <reporter-output>
  </reporter-output>
  <suite started-at="2025-04-29T17:36:26 IST" name="Default suite" finished-at="2025-04-29T17:36:37 IST" duration-ms="10452">
    <groups>
      <group name="cucumber">
        <method signature="AbstractTestNGCucumberTests.runScenario(io.cucumber.testng.PickleWrapper,io.cucumber.testng.FeatureWrapper)[pri:0, instance:cucumber.Options.TestRunner@5b03b9fe]" name="runScenario" class="io.cucumber.testng.AbstractTestNGCucumberTests"/>
      </group> <!-- cucumber -->
    </groups>
    <test started-at="2025-04-29T17:36:26 IST" name="Default test" finished-at="2025-04-29T17:36:37 IST" duration-ms="10452">
      <class name="cucumber.Options.TestRunner">
        <test-method is-config="true" signature="setUpClass(org.testng.ITestContext)[pri:0, instance:cucumber.Options.TestRunner@5b03b9fe]" started-at="2025-04-29T17:36:26 IST" name="setUpClass" finished-at="2025-04-29T17:36:28 IST" duration-ms="1173" status="PASS">
          <params>
            <param index="0">
              <value>
                <![CDATA[org.testng.TestRunner@67a0ff25]]>
              </value>
            </param>
          </params>
          <reporter-output>
          </reporter-output>
        </test-method> <!-- setUpClass -->
        <test-method signature="runScenario(io.cucumber.testng.PickleWrapper,io.cucumber.testng.FeatureWrapper)[pri:0, instance:cucumber.Options.TestRunner@5b03b9fe]" started-at="2025-04-29T17:36:28 IST" name="runScenario" description="Runs Cucumber Scenarios" data-provider="scenarios" finished-at="2025-04-29T17:36:35 IST" duration-ms="6979" status="PASS">
          <params>
            <param index="0">
              <value>
                <![CDATA["Verify if user is successfully added by AddUserAPI"]]>
              </value>
            </param>
            <param index="1">
              <value>
                <![CDATA["Validating User API"]]>
              </value>
            </param>
          </params>
          <reporter-output>
          </reporter-output>
        </test-method> <!-- runScenario -->
        <test-method signature="runScenario(io.cucumber.testng.PickleWrapper,io.cucumber.testng.FeatureWrapper)[pri:0, instance:cucumber.Options.TestRunner@5b03b9fe]" started-at="2025-04-29T17:36:35 IST" name="runScenario" description="Runs Cucumber Scenarios" data-provider="scenarios" finished-at="2025-04-29T17:36:35 IST" duration-ms="481" status="PASS">
          <params>
            <param index="0">
              <value>
                <![CDATA["Verify if user is successfully fetched by GetUserAPI"]]>
              </value>
            </param>
            <param index="1">
              <value>
                <![CDATA["Validating User API"]]>
              </value>
            </param>
          </params>
          <reporter-output>
          </reporter-output>
        </test-method> <!-- runScenario -->
        <test-method signature="runScenario(io.cucumber.testng.PickleWrapper,io.cucumber.testng.FeatureWrapper)[pri:0, instance:cucumber.Options.TestRunner@5b03b9fe]" started-at="2025-04-29T17:36:35 IST" name="runScenario" description="Runs Cucumber Scenarios" data-provider="scenarios" finished-at="2025-04-29T17:36:36 IST" duration-ms="902" status="PASS">
          <params>
            <param index="0">
              <value>
                <![CDATA["Verify user is able to login with valid credentials"]]>
              </value>
            </param>
            <param index="1">
              <value>
                <![CDATA["Validating User API"]]>
              </value>
            </param>
          </params>
          <reporter-output>
          </reporter-output>
        </test-method> <!-- runScenario -->
        <test-method signature="runScenario(io.cucumber.testng.PickleWrapper,io.cucumber.testng.FeatureWrapper)[pri:0, instance:cucumber.Options.TestRunner@5b03b9fe]" started-at="2025-04-29T17:36:36 IST" name="runScenario" description="Runs Cucumber Scenarios" data-provider="scenarios" finished-at="2025-04-29T17:36:37 IST" duration-ms="742" status="PASS">
          <params>
            <param index="0">
              <value>
                <![CDATA["Verify user is able to register with valid credentials"]]>
              </value>
            </param>
            <param index="1">
              <value>
                <![CDATA["Validating User API"]]>
              </value>
            </param>
          </params>
          <reporter-output>
          </reporter-output>
        </test-method> <!-- runScenario -->
        <test-method is-config="true" signature="tearDownClass()[pri:0, instance:cucumber.Options.TestRunner@5b03b9fe]" started-at="2025-04-29T17:36:37 IST" name="tearDownClass" finished-at="2025-04-29T17:36:37 IST" duration-ms="104" status="PASS">
          <reporter-output>
          </reporter-output>
        </test-method> <!-- tearDownClass -->
      </class> <!-- cucumber.Options.TestRunner -->
    </test> <!-- Default test -->
  </suite> <!-- Default suite -->
</testng-results>
